TN:
SF:todo.js
FN:2,(anonymous_0)
FN:6,(anonymous_1)
FN:19,(anonymous_2)
FN:23,(anonymous_3)
FN:24,(anonymous_4)
FN:32,(anonymous_5)
FN:33,(anonymous_6)
FNF:7
FNH:7
FNDA:6,(anonymous_0)
FNDA:4,(anonymous_1)
FNDA:2,(anonymous_2)
FNDA:2,(anonymous_3)
FNDA:1,(anonymous_4)
FNDA:2,(anonymous_5)
FNDA:1,(anonymous_6)
DA:3,6
DA:7,4
DA:8,1
DA:10,3
DA:15,3
DA:16,3
DA:20,2
DA:24,2
DA:25,2
DA:26,1
DA:28,1
DA:29,1
DA:33,2
DA:34,2
DA:35,1
DA:37,1
DA:41,1
LF:17
LH:17
BRDA:7,0,0,1
BRDA:7,0,1,3
BRDA:7,1,0,4
BRDA:7,1,1,3
BRDA:25,2,0,1
BRDA:25,2,1,1
BRDA:34,3,0,1
BRDA:34,3,1,1
BRF:8
BRH:8
end_of_record
